[2026-04-28T08:25:24.054Z] {"timestamp":1777364722049,"level":"DEBUG","args":["[Manus] Debug collector initialized (no rrweb, UI events only)"],"stack":null}
[2026-04-28T08:25:24.054Z] {"timestamp":1777364722109,"level":"DEBUG","args":["[vite] connected."],"stack":null}
[2026-04-28T08:25:24.054Z] {"timestamp":1777364722613,"level":"INFO","args":["%cDownload the React DevTools for a better development experience: https://react.dev/link/react-devtools","font-weight:bold"],"stack":null}
[2026-04-28T08:25:35.550Z] {"timestamp":1777364733365,"level":"DEBUG","args":["[Manus] Debug collector initialized (no rrweb, UI events only)"],"stack":null}
[2026-04-28T08:25:35.550Z] {"timestamp":1777364734557,"level":"DEBUG","args":["[vite] connected."],"stack":null}
[2026-04-28T08:25:40.060Z] {"timestamp":1777364737874,"level":"DEBUG","args":["[Manus] Debug collector initialized (no rrweb, UI events only)"],"stack":null}
[2026-04-28T08:25:40.060Z] {"timestamp":1777364739036,"level":"DEBUG","args":["[vite] connected."],"stack":null}
[2026-04-28T08:28:36.327Z] {"timestamp":1777364914139,"level":"DEBUG","args":["[Manus] Debug collector initialized (no rrweb, UI events only)"],"stack":null}
[2026-04-28T08:28:36.327Z] {"timestamp":1777364915290,"level":"DEBUG","args":["[vite] connected."],"stack":null}
[2026-04-28T08:28:39.739Z] {"timestamp":1777364917554,"level":"DEBUG","args":["[Manus] Debug collector initialized (no rrweb, UI events only)"],"stack":null}
[2026-04-28T08:28:39.739Z] {"timestamp":1777364918779,"level":"DEBUG","args":["[vite] connected."],"stack":null}
[2026-04-28T08:30:10.096Z] {"timestamp":1777365007908,"level":"DEBUG","args":["[Manus] Debug collector initialized (no rrweb, UI events only)"],"stack":null}
[2026-04-28T08:30:10.096Z] {"timestamp":1777365009068,"level":"DEBUG","args":["[vite] connected."],"stack":null}
[2026-04-28T08:30:14.289Z] {"timestamp":1777365012102,"level":"DEBUG","args":["[Manus] Debug collector initialized (no rrweb, UI events only)"],"stack":null}
[2026-04-28T08:30:14.289Z] {"timestamp":1777365013269,"level":"DEBUG","args":["[vite] connected."],"stack":null}
[2026-04-28T08:30:19.422Z] {"timestamp":1777365017565,"level":"ERROR","args":["[vite]","Failed to reload /src/App.tsx. This could be due to syntax errors or importing non-existent modules. (see errors above)"],"stack":"Error\n    at console.<computed> [as error] (https://3000-iw3gyuqaveqlwbohcnv1k-e03b588f.sg1.manus.computer/__manus__/debug-collector.js:391:37)\n    at Object.error (https://3000-iw3gyuqaveqlwbohcnv1k-e03b588f.sg1.manus.computer/@vite/client:809:26)\n    at HMRClient.warnFailedUpdate (https://3000-iw3gyuqaveqlwbohcnv1k-e03b588f.sg1.manus.computer/@vite/client:181:15)\n    at HMRClient.fetchUpdate (https://3000-iw3gyuqaveqlwbohcnv1k-e03b588f.sg1.manus.computer/@vite/client:212:10)\n    at async Promise.all (index 0)\n    at async HMRClient.queueUpdate (https://3000-iw3gyuqaveqlwbohcnv1k-e03b588f.sg1.manus.computer/@vite/client:196:5)\n    at async Promise.all (index 0)\n    at async handleMessage (https://3000-iw3gyuqaveqlwbohcnv1k-e03b588f.sg1.manus.computer/@vite/client:838:4)"}
[2026-04-28T08:30:19.422Z] {"timestamp":1777365017638,"level":"DEBUG","args":["[vite]","hot updated: /src/App.tsx"],"stack":null}
[2026-04-28T08:30:19.422Z] {"timestamp":1777365017638,"level":"DEBUG","args":["[vite]","hot updated: /src/index.css"],"stack":null}
[2026-04-28T08:30:27.106Z] {"timestamp":1777365024910,"level":"DEBUG","args":["[Manus] Debug collector initialized (no rrweb, UI events only)"],"stack":null}
[2026-04-28T08:30:27.106Z] {"timestamp":1777365026080,"level":"DEBUG","args":["[vite] connected."],"stack":null}
[2026-04-28T08:30:34.959Z] {"timestamp":1777365032767,"level":"DEBUG","args":["[Manus] Debug collector initialized (no rrweb, UI events only)"],"stack":null}
[2026-04-28T08:30:34.959Z] {"timestamp":1777365033915,"level":"DEBUG","args":["[vite] connected."],"stack":null}
[2026-04-28T08:30:39.084Z] {"timestamp":1777365036893,"level":"DEBUG","args":["[Manus] Debug collector initialized (no rrweb, UI events only)"],"stack":null}
[2026-04-28T08:30:39.084Z] {"timestamp":1777365038122,"level":"DEBUG","args":["[vite] connected."],"stack":null}
[2026-04-28T08:30:42.662Z] {"timestamp":1777365040474,"level":"DEBUG","args":["[Manus] Debug collector initialized (no rrweb, UI events only)"],"stack":null}
[2026-04-28T08:30:42.662Z] {"timestamp":1777365041822,"level":"DEBUG","args":["[vite] connected."],"stack":null}
[2026-04-28T08:31:12.791Z] {"timestamp":1777365070786,"level":"DEBUG","args":["[Manus] Debug collector initialized (no rrweb, UI events only)"],"stack":null}
[2026-04-28T08:31:12.791Z] {"timestamp":1777365070793,"level":"DEBUG","args":["[vite] connected."],"stack":null}
[2026-04-28T08:31:12.791Z] {"timestamp":1777365070935,"level":"INFO","args":["%cDownload the React DevTools for a better development experience: https://react.dev/link/react-devtools","font-weight:bold"],"stack":null}
[2026-04-28T08:31:21.253Z] {"timestamp":1777365079063,"level":"DEBUG","args":["[Manus] Debug collector initialized (no rrweb, UI events only)"],"stack":null}
[2026-04-28T08:31:21.253Z] {"timestamp":1777365080336,"level":"DEBUG","args":["[vite] connected."],"stack":null}
[2026-04-28T08:33:44.788Z] {"timestamp":1777365222598,"level":"DEBUG","args":["[Manus] Debug collector initialized (no rrweb, UI events only)"],"stack":null}
[2026-04-28T08:33:44.788Z] {"timestamp":1777365223895,"level":"DEBUG","args":["[vite] connected."],"stack":null}
[2026-04-28T08:33:48.860Z] {"timestamp":1777365226666,"level":"DEBUG","args":["[Manus] Debug collector initialized (no rrweb, UI events only)"],"stack":null}
[2026-04-28T08:33:48.860Z] {"timestamp":1777365227945,"level":"DEBUG","args":["[vite] connected."],"stack":null}
[2026-04-28T08:35:34.858Z] {"timestamp":1777365334017,"level":"DEBUG","args":["[vite]","hot updated: /src/pages/Home.tsx"],"stack":null}
[2026-04-28T08:35:34.858Z] {"timestamp":1777365334017,"level":"DEBUG","args":["[vite]","hot updated: /src/index.css"],"stack":null}
[2026-04-28T08:35:40.986Z] {"timestamp":1777365338797,"level":"DEBUG","args":["[Manus] Debug collector initialized (no rrweb, UI events only)"],"stack":null}
[2026-04-28T08:35:40.986Z] {"timestamp":1777365340197,"level":"DEBUG","args":["[vite] connected."],"stack":null}
[2026-04-28T08:35:44.588Z] {"timestamp":1777365342392,"level":"DEBUG","args":["[Manus] Debug collector initialized (no rrweb, UI events only)"],"stack":null}
[2026-04-28T08:35:44.588Z] {"timestamp":1777365343789,"level":"DEBUG","args":["[vite] connected."],"stack":null}
[2026-04-28T08:36:08.947Z] {"timestamp":1777365366942,"level":"DEBUG","args":["[Manus] Debug collector initialized (no rrweb, UI events only)"],"stack":null}
[2026-04-28T08:36:08.947Z] {"timestamp":1777365366956,"level":"DEBUG","args":["[vite] connected."],"stack":null}
[2026-04-28T08:36:08.947Z] {"timestamp":1777365367098,"level":"INFO","args":["%cDownload the React DevTools for a better development experience: https://react.dev/link/react-devtools","font-weight:bold"],"stack":null}
[2026-04-28T08:48:45.099Z] {"timestamp":1777366122925,"level":"DEBUG","args":["[Manus] Debug collector initialized (no rrweb, UI events only)"],"stack":null}
[2026-04-28T08:48:45.099Z] {"timestamp":1777366124150,"level":"DEBUG","args":["[vite] connected."],"stack":null}
[2026-04-28T08:48:49.316Z] {"timestamp":1777366127139,"level":"DEBUG","args":["[Manus] Debug collector initialized (no rrweb, UI events only)"],"stack":null}
[2026-04-28T08:48:51.313Z] {"timestamp":1777366129765,"level":"DEBUG","args":["[vite] connected."],"stack":null}
