[2026-04-28T08:19:24.018Z] Starting dev server with command: pnpm run dev
[2026-04-28T08:19:24.982Z] 
[2026-04-28T08:19:24.983Z] > travel-brochure-hyman@1.0.0 dev /home/ubuntu/travel-brochure-hyman
[2026-04-28T08:19:24.983Z] > vite --host
[2026-04-28T08:19:24.984Z] 
[2026-04-28T08:19:25.768Z] 
[2026-04-28T08:19:25.769Z] VITE v7.1.9  ready in 728 ms
[2026-04-28T08:19:25.770Z] 
[2026-04-28T08:19:25.770Z] ➜  Local:   http://localhost:3000/
[2026-04-28T08:19:25.771Z] ➜  Network: http://169.254.0.21:3000/
[2026-04-28T08:21:51.574Z] 4:21:51 AM [vite] (client) page reload index.html
[2026-04-28T08:25:21.939Z] [baseline-browser-mapping] The data in this module is over two months old.  To ensure accurate Baseline data, please update: `npm i baseline-browser-mapping@latest -D`
[2026-04-28T08:30:17.157Z] 4:30:17 AM [vite] (client) hmr update /src/App.tsx, /src/index.css
[2026-04-28T08:30:17.455Z] 4:30:17 AM [vite] Internal server error: /home/ubuntu/travel-brochure-hyman/client/src/App.tsx: Unterminated string constant. (44:21)
[2026-04-28T08:30:17.456Z] 
[2026-04-28T08:30:17.456Z] 42 |
[2026-04-28T08:30:17.457Z] 43 |       <Switch>
[2026-04-28T08:30:17.457Z] > 44 |         <Route path={"\"} component={Home} />
[2026-04-28T08:30:17.457Z] |                      ^
[2026-04-28T08:30:17.458Z] 45 |         <Route path={"/en"} component={HomeEn} />
[2026-04-28T08:30:17.458Z] 46 |         <Route path={"/404"} component={NotFound} />
[2026-04-28T08:30:17.458Z] 47 |         {/* Final fallback route */}
[2026-04-28T08:30:17.458Z] Plugin: vite:react-babel
[2026-04-28T08:30:17.459Z] File: /home/ubuntu/travel-brochure-hyman/client/src/App.tsx:44:21
[2026-04-28T08:30:17.459Z] 42 |
[2026-04-28T08:30:17.459Z] 43 |        <Switch>
[2026-04-28T08:30:17.459Z] 44 |          <Route path={"\"} component={Home} />
[2026-04-28T08:30:17.460Z] |                       ^
[2026-04-28T08:30:17.460Z] 45 |          <Route path={"/en"} component={HomeEn} />
[2026-04-28T08:30:17.461Z] 46 |          <Route path={"/404"} component={NotFound} />
[2026-04-28T08:30:17.461Z] at constructor (/home/ubuntu/travel-brochure-hyman/node_modules/.pnpm/@babel+parser@7.28.4/node_modules/@babel/parser/lib/index.js:367:19)
[2026-04-28T08:30:17.462Z] at TypeScriptParserMixin.raise (/home/ubuntu/travel-brochure-hyman/node_modules/.pnpm/@babel+parser@7.28.4/node_modules/@babel/parser/lib/index.js:6630:19)
[2026-04-28T08:30:17.462Z] at Object.unterminated (/home/ubuntu/travel-brochure-hyman/node_modules/.pnpm/@babel+parser@7.28.4/node_modules/@babel/parser/lib/index.js:5695:20)
[2026-04-28T08:30:17.463Z] at readStringContents (/home/ubuntu/travel-brochure-hyman/node_modules/.pnpm/@babel+parser@7.28.4/node_modules/@babel/parser/lib/index.js:5437:16)
[2026-04-28T08:30:17.463Z] at TypeScriptParserMixin.readString (/home/ubuntu/travel-brochure-hyman/node_modules/.pnpm/@babel+parser@7.28.4/node_modules/@babel/parser/lib/index.js:6529:9)
[2026-04-28T08:30:17.463Z] at TypeScriptParserMixin.getTokenFromCode (/home/ubuntu/travel-brochure-hyman/node_modules/.pnpm/@babel+parser@7.28.4/node_modules/@babel/parser/lib/index.js:6289:14)
[2026-04-28T08:30:17.463Z] at TypeScriptParserMixin.getTokenFromCode (/home/ubuntu/travel-brochure-hyman/node_modules/.pnpm/@babel+parser@7.28.4/node_modules/@babel/parser/lib/index.js:4830:11)
[2026-04-28T08:30:17.464Z] at TypeScriptParserMixin.getTokenFromCode (/home/ubuntu/travel-brochure-hyman/node_modules/.pnpm/@babel+parser@7.28.4/node_modules/@babel/parser/lib/index.js:10009:11)
[2026-04-28T08:30:17.464Z] at TypeScriptParserMixin.nextToken (/home/ubuntu/travel-brochure-hyman/node_modules/.pnpm/@babel+parser@7.28.4/node_modules/@babel/parser/lib/index.js:5813:10)
[2026-04-28T08:30:17.464Z] at TypeScriptParserMixin.next (/home/ubuntu/travel-brochure-hyman/node_modules/.pnpm/@babel+parser@7.28.4/node_modules/@babel/parser/lib/index.js:5723:10)
[2026-04-28T08:30:17.465Z] at TypeScriptParserMixin.jsxParseAttributeValue (/home/ubuntu/travel-brochure-hyman/node_modules/.pnpm/@babel+parser@7.28.4/node_modules/@babel/parser/lib/index.js:4636:14)
[2026-04-28T08:30:17.465Z] at TypeScriptParserMixin.jsxParseAttribute (/home/ubuntu/travel-brochure-hyman/node_modules/.pnpm/@babel+parser@7.28.4/node_modules/@babel/parser/lib/index.js:4686:38)
[2026-04-28T08:30:17.465Z] at TypeScriptParserMixin.jsxParseOpeningElementAfterName (/home/ubuntu/travel-brochure-hyman/node_modules/.pnpm/@babel+parser@7.28.4/node_modules/@babel/parser/lib/index.js:4700:28)
[2026-04-28T08:30:17.465Z] at TypeScriptParserMixin.jsxParseOpeningElementAfterName (/home/ubuntu/travel-brochure-hyman/node_modules/.pnpm/@babel+parser@7.28.4/node_modules/@babel/parser/lib/index.js:10067:18)
[2026-04-28T08:30:17.466Z] at TypeScriptParserMixin.jsxParseOpeningElementAt (/home/ubuntu/travel-brochure-hyman/node_modules/.pnpm/@babel+parser@7.28.4/node_modules/@babel/parser/lib/index.js:4695:17)
[2026-04-28T08:30:17.466Z] at TypeScriptParserMixin.jsxParseElementAt (/home/ubuntu/travel-brochure-hyman/node_modules/.pnpm/@babel+parser@7.28.4/node_modules/@babel/parser/lib/index.js:4719:33)
[2026-04-28T08:30:17.466Z] at TypeScriptParserMixin.jsxParseElementAt (/home/ubuntu/travel-brochure-hyman/node_modules/.pnpm/@babel+parser@7.28.4/node_modules/@babel/parser/lib/index.js:4731:32)
[2026-04-28T08:30:17.466Z] at TypeScriptParserMixin.jsxParseElementAt (/home/ubuntu/travel-brochure-hyman/node_modules/.pnpm/@babel+parser@7.28.4/node_modules/@babel/parser/lib/index.js:4731:32)
[2026-04-28T08:30:17.467Z] at TypeScriptParserMixin.jsxParseElement (/home/ubuntu/travel-brochure-hyman/node_modules/.pnpm/@babel+parser@7.28.4/node_modules/@babel/parser/lib/index.js:4782:17)
[2026-04-28T08:30:17.467Z] at TypeScriptParserMixin.parseExprAtom (/home/ubuntu/travel-brochure-hyman/node_modules/.pnpm/@babel+parser@7.28.4/node_modules/@babel/parser/lib/index.js:4792:19)
[2026-04-28T08:30:17.467Z] at TypeScriptParserMixin.parseExprSubscripts (/home/ubuntu/travel-brochure-hyman/node_modules/.pnpm/@babel+parser@7.28.4/node_modules/@babel/parser/lib/index.js:11085:23)
[2026-04-28T08:30:17.467Z] at TypeScriptParserMixin.parseUpdate (/home/ubuntu/travel-brochure-hyman/node_modules/.pnpm/@babel+parser@7.28.4/node_modules/@babel/parser/lib/index.js:11070:21)
[2026-04-28T08:30:17.468Z] at TypeScriptParserMixin.parseMaybeUnary (/home/ubuntu/travel-brochure-hyman/node_modules/.pnpm/@babel+parser@7.28.4/node_modules/@babel/parser/lib/index.js:11050:23)
[2026-04-28T08:30:17.468Z] at TypeScriptParserMixin.parseMaybeUnary (/home/ubuntu/travel-brochure-hyman/node_modules/.pnpm/@babel+parser@7.28.4/node_modules/@babel/parser/lib/index.js:9857:18)
[2026-04-28T08:30:17.468Z] at TypeScriptParserMixin.parseMaybeUnaryOrPrivate (/home/ubuntu/travel-brochure-hyman/node_modules/.pnpm/@babel+parser@7.28.4/node_modules/@babel/parser/lib/index.js:10903:61)
[2026-04-28T08:30:17.469Z] at TypeScriptParserMixin.parseExprOps (/home/ubuntu/travel-brochure-hyman/node_modules/.pnpm/@babel+parser@7.28.4/node_modules/@babel/parser/lib/index.js:10908:23)
[2026-04-28T08:30:17.469Z] at TypeScriptParserMixin.parseMaybeConditional (/home/ubuntu/travel-brochure-hyman/node_modules/.pnpm/@babel+parser@7.28.4/node_modules/@babel/parser/lib/index.js:10885:23)
[2026-04-28T08:30:17.469Z] at TypeScriptParserMixin.parseMaybeAssign (/home/ubuntu/travel-brochure-hyman/node_modules/.pnpm/@babel+parser@7.28.4/node_modules/@babel/parser/lib/index.js:10835:21)
[2026-04-28T08:30:17.469Z] at /home/ubuntu/travel-brochure-hyman/node_modules/.pnpm/@babel+parser@7.28.4/node_modules/@babel/parser/lib/index.js:9795:39
[2026-04-28T08:30:17.470Z] at TypeScriptParserMixin.tryParse (/home/ubuntu/travel-brochure-hyman/node_modules/.pnpm/@babel+parser@7.28.4/node_modules/@babel/parser/lib/index.js:6938:20)
[2026-04-28T08:30:17.470Z] at TypeScriptParserMixin.parseMaybeAssign (/home/ubuntu/travel-brochure-hyman/node_modules/.pnpm/@babel+parser@7.28.4/node_modules/@babel/parser/lib/index.js:9795:18)
[2026-04-28T08:30:17.470Z] at /home/ubuntu/travel-brochure-hyman/node_modules/.pnpm/@babel+parser@7.28.4/node_modules/@babel/parser/lib/index.js:10804:39
[2026-04-28T08:30:17.470Z] at TypeScriptParserMixin.allowInAnd (/home/ubuntu/travel-brochure-hyman/node_modules/.pnpm/@babel+parser@7.28.4/node_modules/@babel/parser/lib/index.js:12436:12)
[2026-04-28T08:30:17.471Z] at TypeScriptParserMixin.parseMaybeAssignAllowIn (/home/ubuntu/travel-brochure-hyman/node_modules/.pnpm/@babel+parser@7.28.4/node_modules/@babel/parser/lib/index.js:10804:17)
[2026-04-28T08:30:17.471Z] at TypeScriptParserMixin.parseMaybeAssignAllowInOrVoidPattern (/home/ubuntu/travel-brochure-hyman/node_modules/.pnpm/@babel+parser@7.28.4/node_modules/@babel/parser/lib/index.js:12503:17)
[2026-04-28T08:30:17.471Z] at TypeScriptParserMixin.parseParenAndDistinguishExpression (/home/ubuntu/travel-brochure-hyman/node_modules/.pnpm/@babel+parser@7.28.4/node_modules/@babel/parser/lib/index.js:11683:28)
[2026-04-28T08:30:17.472Z] at TypeScriptParserMixin.parseExprAtom (/home/ubuntu/travel-brochure-hyman/node_modules/.pnpm/@babel+parser@7.28.4/node_modules/@babel/parser/lib/index.js:11335:23)
[2026-04-28T08:30:17.472Z] at TypeScriptParserMixin.parseExprAtom (/home/ubuntu/travel-brochure-hyman/node_modules/.pnpm/@babel+parser@7.28.4/node_modules/@babel/parser/lib/index.js:4797:20)
[2026-04-28T08:30:17.472Z] at TypeScriptParserMixin.parseExprSubscripts (/home/ubuntu/travel-brochure-hyman/node_modules/.pnpm/@babel+parser@7.28.4/node_modules/@babel/parser/lib/index.js:11085:23)
[2026-04-28T08:30:17.472Z] at TypeScriptParserMixin.parseUpdate (/home/ubuntu/travel-brochure-hyman/node_modules/.pnpm/@babel+parser@7.28.4/node_modules/@babel/parser/lib/index.js:11070:21)
[2026-04-28T08:30:17.473Z] at TypeScriptParserMixin.parseMaybeUnary (/home/ubuntu/travel-brochure-hyman/node_modules/.pnpm/@babel+parser@7.28.4/node_modules/@babel/parser/lib/index.js:11050:23)
[2026-04-28T08:30:17.473Z] at TypeScriptParserMixin.parseMaybeUnary (/home/ubuntu/travel-brochure-hyman/node_modules/.pnpm/@babel+parser@7.28.4/node_modules/@babel/parser/lib/index.js:9857:18)
[2026-04-28T08:30:17.473Z] at TypeScriptParserMixin.parseMaybeUnaryOrPrivate (/home/ubuntu/travel-brochure-hyman/node_modules/.pnpm/@babel+parser@7.28.4/node_modules/@babel/parser/lib/index.js:10903:61)
[2026-04-28T08:30:17.474Z] at TypeScriptParserMixin.parseExprOps (/home/ubuntu/travel-brochure-hyman/node_modules/.pnpm/@babel+parser@7.28.4/node_modules/@babel/parser/lib/index.js:10908:23)
[2026-04-28T08:30:17.474Z] at TypeScriptParserMixin.parseMaybeConditional (/home/ubuntu/travel-brochure-hyman/node_modules/.pnpm/@babel+parser@7.28.4/node_modules/@babel/parser/lib/index.js:10885:23)
[2026-04-28T08:30:17.474Z] at TypeScriptParserMixin.parseMaybeAssign (/home/ubuntu/travel-brochure-hyman/node_modules/.pnpm/@babel+parser@7.28.4/node_modules/@babel/parser/lib/index.js:10835:21)
[2026-04-28T08:30:17.474Z] at TypeScriptParserMixin.parseMaybeAssign (/home/ubuntu/travel-brochure-hyman/node_modules/.pnpm/@babel+parser@7.28.4/node_modules/@babel/parser/lib/index.js:9806:20)
[2026-04-28T08:30:17.475Z] at TypeScriptParserMixin.parseExpressionBase (/home/ubuntu/travel-brochure-hyman/node_modules/.pnpm/@babel+parser@7.28.4/node_modules/@babel/parser/lib/index.js:10788:23)
[2026-04-28T08:30:17.475Z] at /home/ubuntu/travel-brochure-hyman/node_modules/.pnpm/@babel+parser@7.28.4/node_modules/@babel/parser/lib/index.js:10784:39
[2026-04-28T08:30:17.475Z] at TypeScriptParserMixin.allowInAnd (/home/ubuntu/travel-brochure-hyman/node_modules/.pnpm/@babel+parser@7.28.4/node_modules/@babel/parser/lib/index.js:12431:16)
[2026-04-28T08:30:21.484Z] 4:30:21 AM [vite] (client) Pre-transform error: /home/ubuntu/travel-brochure-hyman/client/src/App.tsx: Unterminated string constant. (44:21)
[2026-04-28T08:30:21.485Z] 
[2026-04-28T08:30:21.485Z] 42 |
[2026-04-28T08:30:21.485Z] 43 |       <Switch>
[2026-04-28T08:30:21.485Z] > 44 |         <Route path={"\"} component={Home} />
[2026-04-28T08:30:21.486Z] |                      ^
[2026-04-28T08:30:21.486Z] 45 |         <Route path={"/en"} component={HomeEn} />
[2026-04-28T08:30:21.486Z] 46 |         <Route path={"/404"} component={NotFound} />
[2026-04-28T08:30:21.486Z] 47 |         {/* Final fallback route */}
[2026-04-28T08:30:21.487Z] Plugin: vite:react-babel
[2026-04-28T08:30:21.487Z] File: /home/ubuntu/travel-brochure-hyman/client/src/App.tsx:44:21
[2026-04-28T08:30:21.487Z] 42 |
[2026-04-28T08:30:21.487Z] 43 |        <Switch>
[2026-04-28T08:30:21.488Z] 44 |          <Route path={"\"} component={Home} />
[2026-04-28T08:30:21.488Z] |                       ^
[2026-04-28T08:30:21.488Z] 45 |          <Route path={"/en"} component={HomeEn} />
[2026-04-28T08:30:21.488Z] 46 |          <Route path={"/404"} component={NotFound} />
[2026-04-28T08:30:22.117Z] 4:30:22 AM [vite] Internal server error: /home/ubuntu/travel-brochure-hyman/client/src/App.tsx: Unterminated string constant. (44:21)
[2026-04-28T08:30:22.118Z] 
[2026-04-28T08:30:22.118Z] 42 |
[2026-04-28T08:30:22.118Z] 43 |       <Switch>
[2026-04-28T08:30:22.119Z] > 44 |         <Route path={"\"} component={Home} />
[2026-04-28T08:30:22.119Z] |                      ^
[2026-04-28T08:30:22.120Z] 45 |         <Route path={"/en"} component={HomeEn} />
[2026-04-28T08:30:22.120Z] 46 |         <Route path={"/404"} component={NotFound} />
[2026-04-28T08:30:22.120Z] 47 |         {/* Final fallback route */}
[2026-04-28T08:30:22.120Z] Plugin: vite:react-babel
[2026-04-28T08:30:22.121Z] File: /home/ubuntu/travel-brochure-hyman/client/src/App.tsx:44:21
[2026-04-28T08:30:22.121Z] 42 |
[2026-04-28T08:30:22.121Z] 43 |        <Switch>
[2026-04-28T08:30:22.121Z] 44 |          <Route path={"\"} component={Home} />
[2026-04-28T08:30:22.122Z] |                       ^
[2026-04-28T08:30:22.122Z] 45 |          <Route path={"/en"} component={HomeEn} />
[2026-04-28T08:30:22.122Z] 46 |          <Route path={"/404"} component={NotFound} />
[2026-04-28T08:30:22.122Z] at constructor (/home/ubuntu/travel-brochure-hyman/node_modules/.pnpm/@babel+parser@7.28.4/node_modules/@babel/parser/lib/index.js:367:19)
[2026-04-28T08:30:22.123Z] at TypeScriptParserMixin.raise (/home/ubuntu/travel-brochure-hyman/node_modules/.pnpm/@babel+parser@7.28.4/node_modules/@babel/parser/lib/index.js:6630:19)
[2026-04-28T08:30:22.123Z] at Object.unterminated (/home/ubuntu/travel-brochure-hyman/node_modules/.pnpm/@babel+parser@7.28.4/node_modules/@babel/parser/lib/index.js:5695:20)
[2026-04-28T08:30:22.123Z] at readStringContents (/home/ubuntu/travel-brochure-hyman/node_modules/.pnpm/@babel+parser@7.28.4/node_modules/@babel/parser/lib/index.js:5437:16)
[2026-04-28T08:30:22.124Z] at TypeScriptParserMixin.readString (/home/ubuntu/travel-brochure-hyman/node_modules/.pnpm/@babel+parser@7.28.4/node_modules/@babel/parser/lib/index.js:6529:9)
[2026-04-28T08:30:22.124Z] at TypeScriptParserMixin.getTokenFromCode (/home/ubuntu/travel-brochure-hyman/node_modules/.pnpm/@babel+parser@7.28.4/node_modules/@babel/parser/lib/index.js:6289:14)
[2026-04-28T08:30:22.124Z] at TypeScriptParserMixin.getTokenFromCode (/home/ubuntu/travel-brochure-hyman/node_modules/.pnpm/@babel+parser@7.28.4/node_modules/@babel/parser/lib/index.js:4830:11)
[2026-04-28T08:30:22.125Z] at TypeScriptParserMixin.getTokenFromCode (/home/ubuntu/travel-brochure-hyman/node_modules/.pnpm/@babel+parser@7.28.4/node_modules/@babel/parser/lib/index.js:10009:11)
[2026-04-28T08:30:22.125Z] at TypeScriptParserMixin.nextToken (/home/ubuntu/travel-brochure-hyman/node_modules/.pnpm/@babel+parser@7.28.4/node_modules/@babel/parser/lib/index.js:5813:10)
[2026-04-28T08:30:22.125Z] at TypeScriptParserMixin.next (/home/ubuntu/travel-brochure-hyman/node_modules/.pnpm/@babel+parser@7.28.4/node_modules/@babel/parser/lib/index.js:5723:10)
[2026-04-28T08:30:22.126Z] at TypeScriptParserMixin.jsxParseAttributeValue (/home/ubuntu/travel-brochure-hyman/node_modules/.pnpm/@babel+parser@7.28.4/node_modules/@babel/parser/lib/index.js:4636:14)
[2026-04-28T08:30:22.126Z] at TypeScriptParserMixin.jsxParseAttribute (/home/ubuntu/travel-brochure-hyman/node_modules/.pnpm/@babel+parser@7.28.4/node_modules/@babel/parser/lib/index.js:4686:38)
[2026-04-28T08:30:22.126Z] at TypeScriptParserMixin.jsxParseOpeningElementAfterName (/home/ubuntu/travel-brochure-hyman/node_modules/.pnpm/@babel+parser@7.28.4/node_modules/@babel/parser/lib/index.js:4700:28)
[2026-04-28T08:30:22.127Z] at TypeScriptParserMixin.jsxParseOpeningElementAfterName (/home/ubuntu/travel-brochure-hyman/node_modules/.pnpm/@babel+parser@7.28.4/node_modules/@babel/parser/lib/index.js:10067:18)
[2026-04-28T08:30:22.127Z] at TypeScriptParserMixin.jsxParseOpeningElementAt (/home/ubuntu/travel-brochure-hyman/node_modules/.pnpm/@babel+parser@7.28.4/node_modules/@babel/parser/lib/index.js:4695:17)
[2026-04-28T08:30:22.127Z] at TypeScriptParserMixin.jsxParseElementAt (/home/ubuntu/travel-brochure-hyman/node_modules/.pnpm/@babel+parser@7.28.4/node_modules/@babel/parser/lib/index.js:4719:33)
[2026-04-28T08:30:22.128Z] at TypeScriptParserMixin.jsxParseElementAt (/home/ubuntu/travel-brochure-hyman/node_modules/.pnpm/@babel+parser@7.28.4/node_modules/@babel/parser/lib/index.js:4731:32)
[2026-04-28T08:30:22.128Z] at TypeScriptParserMixin.jsxParseElementAt (/home/ubuntu/travel-brochure-hyman/node_modules/.pnpm/@babel+parser@7.28.4/node_modules/@babel/parser/lib/index.js:4731:32)
[2026-04-28T08:30:22.128Z] at TypeScriptParserMixin.jsxParseElement (/home/ubuntu/travel-brochure-hyman/node_modules/.pnpm/@babel+parser@7.28.4/node_modules/@babel/parser/lib/index.js:4782:17)
[2026-04-28T08:30:22.129Z] at TypeScriptParserMixin.parseExprAtom (/home/ubuntu/travel-brochure-hyman/node_modules/.pnpm/@babel+parser@7.28.4/node_modules/@babel/parser/lib/index.js:4792:19)
[2026-04-28T08:30:22.129Z] at TypeScriptParserMixin.parseExprSubscripts (/home/ubuntu/travel-brochure-hyman/node_modules/.pnpm/@babel+parser@7.28.4/node_modules/@babel/parser/lib/index.js:11085:23)
[2026-04-28T08:30:22.129Z] at TypeScriptParserMixin.parseUpdate (/home/ubuntu/travel-brochure-hyman/node_modules/.pnpm/@babel+parser@7.28.4/node_modules/@babel/parser/lib/index.js:11070:21)
[2026-04-28T08:30:22.130Z] at TypeScriptParserMixin.parseMaybeUnary (/home/ubuntu/travel-brochure-hyman/node_modules/.pnpm/@babel+parser@7.28.4/node_modules/@babel/parser/lib/index.js:11050:23)
[2026-04-28T08:30:22.130Z] at TypeScriptParserMixin.parseMaybeUnary (/home/ubuntu/travel-brochure-hyman/node_modules/.pnpm/@babel+parser@7.28.4/node_modules/@babel/parser/lib/index.js:9857:18)
[2026-04-28T08:30:22.130Z] at TypeScriptParserMixin.parseMaybeUnaryOrPrivate (/home/ubuntu/travel-brochure-hyman/node_modules/.pnpm/@babel+parser@7.28.4/node_modules/@babel/parser/lib/index.js:10903:61)
[2026-04-28T08:30:22.131Z] at TypeScriptParserMixin.parseExprOps (/home/ubuntu/travel-brochure-hyman/node_modules/.pnpm/@babel+parser@7.28.4/node_modules/@babel/parser/lib/index.js:10908:23)
[2026-04-28T08:30:22.131Z] at TypeScriptParserMixin.parseMaybeConditional (/home/ubuntu/travel-brochure-hyman/node_modules/.pnpm/@babel+parser@7.28.4/node_modules/@babel/parser/lib/index.js:10885:23)
[2026-04-28T08:30:22.131Z] at TypeScriptParserMixin.parseMaybeAssign (/home/ubuntu/travel-brochure-hyman/node_modules/.pnpm/@babel+parser@7.28.4/node_modules/@babel/parser/lib/index.js:10835:21)
[2026-04-28T08:30:22.131Z] at /home/ubuntu/travel-brochure-hyman/node_modules/.pnpm/@babel+parser@7.28.4/node_modules/@babel/parser/lib/index.js:9795:39
[2026-04-28T08:30:22.132Z] at TypeScriptParserMixin.tryParse (/home/ubuntu/travel-brochure-hyman/node_modules/.pnpm/@babel+parser@7.28.4/node_modules/@babel/parser/lib/index.js:6938:20)
[2026-04-28T08:30:22.132Z] at TypeScriptParserMixin.parseMaybeAssign (/home/ubuntu/travel-brochure-hyman/node_modules/.pnpm/@babel+parser@7.28.4/node_modules/@babel/parser/lib/index.js:9795:18)
[2026-04-28T08:30:22.132Z] at /home/ubuntu/travel-brochure-hyman/node_modules/.pnpm/@babel+parser@7.28.4/node_modules/@babel/parser/lib/index.js:10804:39
[2026-04-28T08:30:22.133Z] at TypeScriptParserMixin.allowInAnd (/home/ubuntu/travel-brochure-hyman/node_modules/.pnpm/@babel+parser@7.28.4/node_modules/@babel/parser/lib/index.js:12436:12)
[2026-04-28T08:30:22.133Z] at TypeScriptParserMixin.parseMaybeAssignAllowIn (/home/ubuntu/travel-brochure-hyman/node_modules/.pnpm/@babel+parser@7.28.4/node_modules/@babel/parser/lib/index.js:10804:17)
[2026-04-28T08:30:22.133Z] at TypeScriptParserMixin.parseMaybeAssignAllowInOrVoidPattern (/home/ubuntu/travel-brochure-hyman/node_modules/.pnpm/@babel+parser@7.28.4/node_modules/@babel/parser/lib/index.js:12503:17)
[2026-04-28T08:30:22.134Z] at TypeScriptParserMixin.parseParenAndDistinguishExpression (/home/ubuntu/travel-brochure-hyman/node_modules/.pnpm/@babel+parser@7.28.4/node_modules/@babel/parser/lib/index.js:11683:28)
[2026-04-28T08:30:22.134Z] at TypeScriptParserMixin.parseExprAtom (/home/ubuntu/travel-brochure-hyman/node_modules/.pnpm/@babel+parser@7.28.4/node_modules/@babel/parser/lib/index.js:11335:23)
[2026-04-28T08:30:22.134Z] at TypeScriptParserMixin.parseExprAtom (/home/ubuntu/travel-brochure-hyman/node_modules/.pnpm/@babel+parser@7.28.4/node_modules/@babel/parser/lib/index.js:4797:20)
[2026-04-28T08:30:22.135Z] at TypeScriptParserMixin.parseExprSubscripts (/home/ubuntu/travel-brochure-hyman/node_modules/.pnpm/@babel+parser@7.28.4/node_modules/@babel/parser/lib/index.js:11085:23)
[2026-04-28T08:30:22.135Z] at TypeScriptParserMixin.parseUpdate (/home/ubuntu/travel-brochure-hyman/node_modules/.pnpm/@babel+parser@7.28.4/node_modules/@babel/parser/lib/index.js:11070:21)
[2026-04-28T08:30:22.135Z] at TypeScriptParserMixin.parseMaybeUnary (/home/ubuntu/travel-brochure-hyman/node_modules/.pnpm/@babel+parser@7.28.4/node_modules/@babel/parser/lib/index.js:11050:23)
[2026-04-28T08:30:22.135Z] at TypeScriptParserMixin.parseMaybeUnary (/home/ubuntu/travel-brochure-hyman/node_modules/.pnpm/@babel+parser@7.28.4/node_modules/@babel/parser/lib/index.js:9857:18)
[2026-04-28T08:30:22.136Z] at TypeScriptParserMixin.parseMaybeUnaryOrPrivate (/home/ubuntu/travel-brochure-hyman/node_modules/.pnpm/@babel+parser@7.28.4/node_modules/@babel/parser/lib/index.js:10903:61)
[2026-04-28T08:30:22.136Z] at TypeScriptParserMixin.parseExprOps (/home/ubuntu/travel-brochure-hyman/node_modules/.pnpm/@babel+parser@7.28.4/node_modules/@babel/parser/lib/index.js:10908:23)
[2026-04-28T08:30:22.136Z] at TypeScriptParserMixin.parseMaybeConditional (/home/ubuntu/travel-brochure-hyman/node_modules/.pnpm/@babel+parser@7.28.4/node_modules/@babel/parser/lib/index.js:10885:23)
[2026-04-28T08:30:22.137Z] at TypeScriptParserMixin.parseMaybeAssign (/home/ubuntu/travel-brochure-hyman/node_modules/.pnpm/@babel+parser@7.28.4/node_modules/@babel/parser/lib/index.js:10835:21)
[2026-04-28T08:30:22.137Z] at TypeScriptParserMixin.parseMaybeAssign (/home/ubuntu/travel-brochure-hyman/node_modules/.pnpm/@babel+parser@7.28.4/node_modules/@babel/parser/lib/index.js:9806:20)
[2026-04-28T08:30:22.137Z] at TypeScriptParserMixin.parseExpressionBase (/home/ubuntu/travel-brochure-hyman/node_modules/.pnpm/@babel+parser@7.28.4/node_modules/@babel/parser/lib/index.js:10788:23)
[2026-04-28T08:30:22.138Z] at /home/ubuntu/travel-brochure-hyman/node_modules/.pnpm/@babel+parser@7.28.4/node_modules/@babel/parser/lib/index.js:10784:39
[2026-04-28T08:30:22.138Z] at TypeScriptParserMixin.allowInAnd (/home/ubuntu/travel-brochure-hyman/node_modules/.pnpm/@babel+parser@7.28.4/node_modules/@babel/parser/lib/index.js:12431:16)
[2026-04-28T08:30:24.795Z] 4:30:24 AM [vite] Internal server error: /home/ubuntu/travel-brochure-hyman/client/src/App.tsx: Unterminated string constant. (44:21)
[2026-04-28T08:30:24.796Z] 
[2026-04-28T08:30:24.797Z] 42 |
[2026-04-28T08:30:24.797Z] 43 |       <Switch>
[2026-04-28T08:30:24.797Z] > 44 |         <Route path={"\"} component={Home} />
[2026-04-28T08:30:24.798Z] |                      ^
[2026-04-28T08:30:24.798Z] 45 |         <Route path={"/en"} component={HomeEn} />
[2026-04-28T08:30:24.798Z] 46 |         <Route path={"/404"} component={NotFound} />
[2026-04-28T08:30:24.798Z] 47 |         {/* Final fallback route */}
[2026-04-28T08:30:24.799Z] Plugin: vite:react-babel
[2026-04-28T08:30:24.799Z] File: /home/ubuntu/travel-brochure-hyman/client/src/App.tsx:44:21
[2026-04-28T08:30:24.799Z] 42 |
[2026-04-28T08:30:24.800Z] 43 |        <Switch>
[2026-04-28T08:30:24.800Z] 44 |          <Route path={"\"} component={Home} />
[2026-04-28T08:30:24.800Z] |                       ^
[2026-04-28T08:30:24.800Z] 45 |          <Route path={"/en"} component={HomeEn} />
[2026-04-28T08:30:24.801Z] 46 |          <Route path={"/404"} component={NotFound} />
[2026-04-28T08:30:24.801Z] at constructor (/home/ubuntu/travel-brochure-hyman/node_modules/.pnpm/@babel+parser@7.28.4/node_modules/@babel/parser/lib/index.js:367:19)
[2026-04-28T08:30:24.801Z] at TypeScriptParserMixin.raise (/home/ubuntu/travel-brochure-hyman/node_modules/.pnpm/@babel+parser@7.28.4/node_modules/@babel/parser/lib/index.js:6630:19)
[2026-04-28T08:30:24.802Z] at Object.unterminated (/home/ubuntu/travel-brochure-hyman/node_modules/.pnpm/@babel+parser@7.28.4/node_modules/@babel/parser/lib/index.js:5695:20)
[2026-04-28T08:30:24.802Z] at readStringContents (/home/ubuntu/travel-brochure-hyman/node_modules/.pnpm/@babel+parser@7.28.4/node_modules/@babel/parser/lib/index.js:5437:16)
[2026-04-28T08:30:24.802Z] at TypeScriptParserMixin.readString (/home/ubuntu/travel-brochure-hyman/node_modules/.pnpm/@babel+parser@7.28.4/node_modules/@babel/parser/lib/index.js:6529:9)
[2026-04-28T08:30:24.802Z] at TypeScriptParserMixin.getTokenFromCode (/home/ubuntu/travel-brochure-hyman/node_modules/.pnpm/@babel+parser@7.28.4/node_modules/@babel/parser/lib/index.js:6289:14)
[2026-04-28T08:30:24.803Z] at TypeScriptParserMixin.getTokenFromCode (/home/ubuntu/travel-brochure-hyman/node_modules/.pnpm/@babel+parser@7.28.4/node_modules/@babel/parser/lib/index.js:4830:11)
[2026-04-28T08:30:24.803Z] at TypeScriptParserMixin.getTokenFromCode (/home/ubuntu/travel-brochure-hyman/node_modules/.pnpm/@babel+parser@7.28.4/node_modules/@babel/parser/lib/index.js:10009:11)
[2026-04-28T08:30:24.803Z] at TypeScriptParserMixin.nextToken (/home/ubuntu/travel-brochure-hyman/node_modules/.pnpm/@babel+parser@7.28.4/node_modules/@babel/parser/lib/index.js:5813:10)
[2026-04-28T08:30:24.804Z] at TypeScriptParserMixin.next (/home/ubuntu/travel-brochure-hyman/node_modules/.pnpm/@babel+parser@7.28.4/node_modules/@babel/parser/lib/index.js:5723:10)
[2026-04-28T08:30:24.804Z] at TypeScriptParserMixin.jsxParseAttributeValue (/home/ubuntu/travel-brochure-hyman/node_modules/.pnpm/@babel+parser@7.28.4/node_modules/@babel/parser/lib/index.js:4636:14)
[2026-04-28T08:30:24.804Z] at TypeScriptParserMixin.jsxParseAttribute (/home/ubuntu/travel-brochure-hyman/node_modules/.pnpm/@babel+parser@7.28.4/node_modules/@babel/parser/lib/index.js:4686:38)
[2026-04-28T08:30:24.805Z] at TypeScriptParserMixin.jsxParseOpeningElementAfterName (/home/ubuntu/travel-brochure-hyman/node_modules/.pnpm/@babel+parser@7.28.4/node_modules/@babel/parser/lib/index.js:4700:28)
[2026-04-28T08:30:24.805Z] at TypeScriptParserMixin.jsxParseOpeningElementAfterName (/home/ubuntu/travel-brochure-hyman/node_modules/.pnpm/@babel+parser@7.28.4/node_modules/@babel/parser/lib/index.js:10067:18)
[2026-04-28T08:30:24.805Z] at TypeScriptParserMixin.jsxParseOpeningElementAt (/home/ubuntu/travel-brochure-hyman/node_modules/.pnpm/@babel+parser@7.28.4/node_modules/@babel/parser/lib/index.js:4695:17)
[2026-04-28T08:30:24.805Z] at TypeScriptParserMixin.jsxParseElementAt (/home/ubuntu/travel-brochure-hyman/node_modules/.pnpm/@babel+parser@7.28.4/node_modules/@babel/parser/lib/index.js:4719:33)
[2026-04-28T08:30:24.806Z] at TypeScriptParserMixin.jsxParseElementAt (/home/ubuntu/travel-brochure-hyman/node_modules/.pnpm/@babel+parser@7.28.4/node_modules/@babel/parser/lib/index.js:4731:32)
[2026-04-28T08:30:24.806Z] at TypeScriptParserMixin.jsxParseElementAt (/home/ubuntu/travel-brochure-hyman/node_modules/.pnpm/@babel+parser@7.28.4/node_modules/@babel/parser/lib/index.js:4731:32)
[2026-04-28T08:30:24.806Z] at TypeScriptParserMixin.jsxParseElement (/home/ubuntu/travel-brochure-hyman/node_modules/.pnpm/@babel+parser@7.28.4/node_modules/@babel/parser/lib/index.js:4782:17)
[2026-04-28T08:30:24.807Z] at TypeScriptParserMixin.parseExprAtom (/home/ubuntu/travel-brochure-hyman/node_modules/.pnpm/@babel+parser@7.28.4/node_modules/@babel/parser/lib/index.js:4792:19)
[2026-04-28T08:30:24.807Z] at TypeScriptParserMixin.parseExprSubscripts (/home/ubuntu/travel-brochure-hyman/node_modules/.pnpm/@babel+parser@7.28.4/node_modules/@babel/parser/lib/index.js:11085:23)
[2026-04-28T08:30:24.807Z] at TypeScriptParserMixin.parseUpdate (/home/ubuntu/travel-brochure-hyman/node_modules/.pnpm/@babel+parser@7.28.4/node_modules/@babel/parser/lib/index.js:11070:21)
[2026-04-28T08:30:24.808Z] at TypeScriptParserMixin.parseMaybeUnary (/home/ubuntu/travel-brochure-hyman/node_modules/.pnpm/@babel+parser@7.28.4/node_modules/@babel/parser/lib/index.js:11050:23)
[2026-04-28T08:30:24.808Z] at TypeScriptParserMixin.parseMaybeUnary (/home/ubuntu/travel-brochure-hyman/node_modules/.pnpm/@babel+parser@7.28.4/node_modules/@babel/parser/lib/index.js:9857:18)
[2026-04-28T08:30:24.808Z] at TypeScriptParserMixin.parseMaybeUnaryOrPrivate (/home/ubuntu/travel-brochure-hyman/node_modules/.pnpm/@babel+parser@7.28.4/node_modules/@babel/parser/lib/index.js:10903:61)
[2026-04-28T08:30:24.808Z] at TypeScriptParserMixin.parseExprOps (/home/ubuntu/travel-brochure-hyman/node_modules/.pnpm/@babel+parser@7.28.4/node_modules/@babel/parser/lib/index.js:10908:23)
[2026-04-28T08:30:24.809Z] at TypeScriptParserMixin.parseMaybeConditional (/home/ubuntu/travel-brochure-hyman/node_modules/.pnpm/@babel+parser@7.28.4/node_modules/@babel/parser/lib/index.js:10885:23)
[2026-04-28T08:30:24.809Z] at TypeScriptParserMixin.parseMaybeAssign (/home/ubuntu/travel-brochure-hyman/node_modules/.pnpm/@babel+parser@7.28.4/node_modules/@babel/parser/lib/index.js:10835:21)
[2026-04-28T08:30:24.809Z] at /home/ubuntu/travel-brochure-hyman/node_modules/.pnpm/@babel+parser@7.28.4/node_modules/@babel/parser/lib/index.js:9795:39
[2026-04-28T08:30:24.810Z] at TypeScriptParserMixin.tryParse (/home/ubuntu/travel-brochure-hyman/node_modules/.pnpm/@babel+parser@7.28.4/node_modules/@babel/parser/lib/index.js:6938:20)
[2026-04-28T08:30:24.810Z] at TypeScriptParserMixin.parseMaybeAssign (/home/ubuntu/travel-brochure-hyman/node_modules/.pnpm/@babel+parser@7.28.4/node_modules/@babel/parser/lib/index.js:9795:18)
[2026-04-28T08:30:24.810Z] at /home/ubuntu/travel-brochure-hyman/node_modules/.pnpm/@babel+parser@7.28.4/node_modules/@babel/parser/lib/index.js:10804:39
[2026-04-28T08:30:24.811Z] at TypeScriptParserMixin.allowInAnd (/home/ubuntu/travel-brochure-hyman/node_modules/.pnpm/@babel+parser@7.28.4/node_modules/@babel/parser/lib/index.js:12436:12)
[2026-04-28T08:30:24.811Z] at TypeScriptParserMixin.parseMaybeAssignAllowIn (/home/ubuntu/travel-brochure-hyman/node_modules/.pnpm/@babel+parser@7.28.4/node_modules/@babel/parser/lib/index.js:10804:17)
[2026-04-28T08:30:24.811Z] at TypeScriptParserMixin.parseMaybeAssignAllowInOrVoidPattern (/home/ubuntu/travel-brochure-hyman/node_modules/.pnpm/@babel+parser@7.28.4/node_modules/@babel/parser/lib/index.js:12503:17)
[2026-04-28T08:30:24.812Z] at TypeScriptParserMixin.parseParenAndDistinguishExpression (/home/ubuntu/travel-brochure-hyman/node_modules/.pnpm/@babel+parser@7.28.4/node_modules/@babel/parser/lib/index.js:11683:28)
[2026-04-28T08:30:24.812Z] at TypeScriptParserMixin.parseExprAtom (/home/ubuntu/travel-brochure-hyman/node_modules/.pnpm/@babel+parser@7.28.4/node_modules/@babel/parser/lib/index.js:11335:23)
[2026-04-28T08:30:24.813Z] at TypeScriptParserMixin.parseExprAtom (/home/ubuntu/travel-brochure-hyman/node_modules/.pnpm/@babel+parser@7.28.4/node_modules/@babel/parser/lib/index.js:4797:20)
[2026-04-28T08:30:24.813Z] at TypeScriptParserMixin.parseExprSubscripts (/home/ubuntu/travel-brochure-hyman/node_modules/.pnpm/@babel+parser@7.28.4/node_modules/@babel/parser/lib/index.js:11085:23)
[2026-04-28T08:30:24.813Z] at TypeScriptParserMixin.parseUpdate (/home/ubuntu/travel-brochure-hyman/node_modules/.pnpm/@babel+parser@7.28.4/node_modules/@babel/parser/lib/index.js:11070:21)
[2026-04-28T08:30:24.814Z] at TypeScriptParserMixin.parseMaybeUnary (/home/ubuntu/travel-brochure-hyman/node_modules/.pnpm/@babel+parser@7.28.4/node_modules/@babel/parser/lib/index.js:11050:23)
[2026-04-28T08:30:24.814Z] at TypeScriptParserMixin.parseMaybeUnary (/home/ubuntu/travel-brochure-hyman/node_modules/.pnpm/@babel+parser@7.28.4/node_modules/@babel/parser/lib/index.js:9857:18)
[2026-04-28T08:30:24.815Z] at TypeScriptParserMixin.parseMaybeUnaryOrPrivate (/home/ubuntu/travel-brochure-hyman/node_modules/.pnpm/@babel+parser@7.28.4/node_modules/@babel/parser/lib/index.js:10903:61)
[2026-04-28T08:30:24.815Z] at TypeScriptParserMixin.parseExprOps (/home/ubuntu/travel-brochure-hyman/node_modules/.pnpm/@babel+parser@7.28.4/node_modules/@babel/parser/lib/index.js:10908:23)
[2026-04-28T08:30:24.816Z] at TypeScriptParserMixin.parseMaybeConditional (/home/ubuntu/travel-brochure-hyman/node_modules/.pnpm/@babel+parser@7.28.4/node_modules/@babel/parser/lib/index.js:10885:23)
[2026-04-28T08:30:24.816Z] at TypeScriptParserMixin.parseMaybeAssign (/home/ubuntu/travel-brochure-hyman/node_modules/.pnpm/@babel+parser@7.28.4/node_modules/@babel/parser/lib/index.js:10835:21)
[2026-04-28T08:30:24.817Z] at TypeScriptParserMixin.parseMaybeAssign (/home/ubuntu/travel-brochure-hyman/node_modules/.pnpm/@babel+parser@7.28.4/node_modules/@babel/parser/lib/index.js:9806:20)
[2026-04-28T08:30:24.817Z] at TypeScriptParserMixin.parseExpressionBase (/home/ubuntu/travel-brochure-hyman/node_modules/.pnpm/@babel+parser@7.28.4/node_modules/@babel/parser/lib/index.js:10788:23)
[2026-04-28T08:30:24.818Z] at /home/ubuntu/travel-brochure-hyman/node_modules/.pnpm/@babel+parser@7.28.4/node_modules/@babel/parser/lib/index.js:10784:39
[2026-04-28T08:30:24.818Z] at TypeScriptParserMixin.allowInAnd (/home/ubuntu/travel-brochure-hyman/node_modules/.pnpm/@babel+parser@7.28.4/node_modules/@babel/parser/lib/index.js:12431:16)
[2026-04-28T08:30:31.737Z] 4:30:31 AM [vite] (client) hmr update /src/App.tsx, /src/index.css
[2026-04-28T08:35:33.112Z] 4:35:33 AM [vite] (client) hmr update /src/pages/Home.tsx, /src/index.css
[2026-04-28T08:50:33.969Z] 4:50:33 AM [vite] changed tsconfig file detected: /home/ubuntu/travel-brochure-hyman/tsconfig.json - Clearing cache and forcing full-reload to ensure TypeScript is compiled with updated config values.
[2026-04-28T08:50:33.973Z] 4:50:33 AM [vite] vite.config.ts changed, restarting server...
[2026-04-28T08:50:33.973Z] 4:50:33 AM [vite] (client) page reload index.html
[2026-04-28T08:50:33.974Z] 4:50:33 AM [vite] (client) page reload public/.gitkeep
[2026-04-28T08:50:33.974Z] 4:50:33 AM [vite] (client) page reload public/__manus__/debug-collector.js
[2026-04-28T08:50:33.974Z] 4:50:33 AM [vite] (client) page reload src/App.tsx
[2026-04-28T08:50:33.974Z] 4:50:33 AM [vite] (client) page reload src/components/ErrorBoundary.tsx
[2026-04-28T08:50:33.975Z] 4:50:33 AM [vite] (client) page reload src/components/ManusDialog.tsx
[2026-04-28T08:50:33.975Z] 4:50:33 AM [vite] (client) page reload src/components/Map.tsx
[2026-04-28T08:50:33.975Z] 4:50:33 AM [vite] (client) page reload src/components/ui/accordion.tsx
[2026-04-28T08:50:33.976Z] 4:50:33 AM [vite] (client) page reload src/components/ui/alert-dialog.tsx
[2026-04-28T08:50:33.976Z] 4:50:33 AM [vite] (client) page reload src/components/ui/alert.tsx
[2026-04-28T08:50:33.976Z] 4:50:33 AM [vite] (client) page reload src/components/ui/aspect-ratio.tsx
[2026-04-28T08:50:33.976Z] 4:50:33 AM [vite] (client) page reload src/components/ui/avatar.tsx
[2026-04-28T08:50:33.977Z] 4:50:33 AM [vite] (client) page reload src/components/ui/badge.tsx
[2026-04-28T08:50:33.977Z] 4:50:33 AM [vite] (client) page reload src/components/ui/breadcrumb.tsx
[2026-04-28T08:50:33.977Z] 4:50:33 AM [vite] (client) page reload src/components/ui/button-group.tsx
[2026-04-28T08:50:33.978Z] 4:50:33 AM [vite] (client) page reload src/components/ui/button.tsx
[2026-04-28T08:50:33.978Z] 4:50:33 AM [vite] (client) page reload src/components/ui/calendar.tsx
[2026-04-28T08:50:33.978Z] 4:50:33 AM [vite] (client) page reload src/components/ui/card.tsx
[2026-04-28T08:50:33.979Z] 4:50:33 AM [vite] (client) page reload src/components/ui/carousel.tsx
[2026-04-28T08:50:33.979Z] 4:50:33 AM [vite] (client) page reload src/components/ui/chart.tsx
